2022-10-24T06:05:45+00:00 CRITICAL Uncaught Error: Call to undefined method Codexse::is_plugins_active() in /opt/lampp/htdocs/landshop/wp-content/plugins/codexse/codexse.php:105
Stack trace:
#0 /opt/lampp/htdocs/landshop/wp-includes/class-wp-hook.php(307): Codexse->admin_notice_missing_main_plugin('')
#1 /opt/lampp/htdocs/landshop/wp-includes/class-wp-hook.php(331): WP_Hook->apply_filters(NULL, Array)
#2 /opt/lampp/htdocs/landshop/wp-includes/plugin.php(476): WP_Hook->do_action(Array)
#3 /opt/lampp/htdocs/landshop/wp-admin/admin-header.php(303): do_action('admin_notices')
#4 /opt/lampp/htdocs/landshop/wp-admin/plugins.php(605): require_once('/opt/lampp/htdo...')
#5 {main}
  thrown in /opt/lampp/htdocs/landshop/wp-content/plugins/codexse/codexse.php on line 105

2022-10-24T16:04:30+00:00 CRITICAL Uncaught Error: Call to undefined function Codexse\htmega_is_elementor_version() in /opt/lampp/htdocs/landshop/wp-content/plugins/codexse/includes/Addons.php:13
Stack trace:
#0 /opt/lampp/htdocs/landshop/wp-content/plugins/codexse/codexse.php(106): Codexse\Addons->__construct()
#1 /opt/lampp/htdocs/landshop/wp-includes/class-wp-hook.php(307): Codexse->init_plugin('')
#2 /opt/lampp/htdocs/landshop/wp-includes/class-wp-hook.php(331): WP_Hook->apply_filters(NULL, Array)
#3 /opt/lampp/htdocs/landshop/wp-includes/plugin.php(476): WP_Hook->do_action(Array)
#4 /opt/lampp/htdocs/landshop/wp-settings.php(461): do_action('plugins_loaded')
#5 /opt/lampp/htdocs/landshop/wp-config.php(96): require_once('/opt/lampp/htdo...')
#6 /opt/lampp/htdocs/landshop/wp-load.php(50): require_once('/opt/lampp/htdo...')
#7 /opt/lampp/htdocs/landshop/wp-admin/admin-ajax.php(22): require_once('/opt/lampp/htdo...')
#8 {main}
  thrown in /opt/lampp/htdocs/landshop/wp-content/plugins/codexse/includes/Addons.php on line 13

2022-10-24T16:04:42+00:00 CRITICAL Uncaught Error: Call to undefined function Codexse\htmega_is_elementor_version() in /opt/lampp/htdocs/landshop/wp-content/plugins/codexse/includes/Addons.php:13
Stack trace:
#0 /opt/lampp/htdocs/landshop/wp-content/plugins/codexse/codexse.php(106): Codexse\Addons->__construct()
#1 /opt/lampp/htdocs/landshop/wp-includes/class-wp-hook.php(307): Codexse->init_plugin('')
#2 /opt/lampp/htdocs/landshop/wp-includes/class-wp-hook.php(331): WP_Hook->apply_filters(NULL, Array)
#3 /opt/lampp/htdocs/landshop/wp-includes/plugin.php(476): WP_Hook->do_action(Array)
#4 /opt/lampp/htdocs/landshop/wp-settings.php(461): do_action('plugins_loaded')
#5 /opt/lampp/htdocs/landshop/wp-config.php(96): require_once('/opt/lampp/htdo...')
#6 /opt/lampp/htdocs/landshop/wp-load.php(50): require_once('/opt/lampp/htdo...')
#7 /opt/lampp/htdocs/landshop/wp-admin/admin-ajax.php(22): require_once('/opt/lampp/htdo...')
#8 {main}
  thrown in /opt/lampp/htdocs/landshop/wp-content/plugins/codexse/includes/Addons.php on line 13

2022-10-24T16:06:30+00:00 CRITICAL Uncaught Error: Call to undefined function Codexse\htmega_is_elementor_version() in /opt/lampp/htdocs/landshop/wp-content/plugins/codexse/includes/Addons.php:13
Stack trace:
#0 /opt/lampp/htdocs/landshop/wp-content/plugins/codexse/codexse.php(106): Codexse\Addons->__construct()
#1 /opt/lampp/htdocs/landshop/wp-includes/class-wp-hook.php(307): Codexse->init_plugin('')
#2 /opt/lampp/htdocs/landshop/wp-includes/class-wp-hook.php(331): WP_Hook->apply_filters(NULL, Array)
#3 /opt/lampp/htdocs/landshop/wp-includes/plugin.php(476): WP_Hook->do_action(Array)
#4 /opt/lampp/htdocs/landshop/wp-settings.php(461): do_action('plugins_loaded')
#5 /opt/lampp/htdocs/landshop/wp-config.php(96): require_once('/opt/lampp/htdo...')
#6 /opt/lampp/htdocs/landshop/wp-load.php(50): require_once('/opt/lampp/htdo...')
#7 /opt/lampp/htdocs/landshop/wp-admin/admin-ajax.php(22): require_once('/opt/lampp/htdo...')
#8 {main}
  thrown in /opt/lampp/htdocs/landshop/wp-content/plugins/codexse/includes/Addons.php on line 13

2022-10-24T16:06:43+00:00 CRITICAL Uncaught Error: Call to undefined function Codexse\htmega_is_elementor_version() in /opt/lampp/htdocs/landshop/wp-content/plugins/codexse/includes/Addons.php:13
Stack trace:
#0 /opt/lampp/htdocs/landshop/wp-content/plugins/codexse/codexse.php(106): Codexse\Addons->__construct()
#1 /opt/lampp/htdocs/landshop/wp-includes/class-wp-hook.php(307): Codexse->init_plugin('')
#2 /opt/lampp/htdocs/landshop/wp-includes/class-wp-hook.php(331): WP_Hook->apply_filters(NULL, Array)
#3 /opt/lampp/htdocs/landshop/wp-includes/plugin.php(476): WP_Hook->do_action(Array)
#4 /opt/lampp/htdocs/landshop/wp-settings.php(461): do_action('plugins_loaded')
#5 /opt/lampp/htdocs/landshop/wp-config.php(96): require_once('/opt/lampp/htdo...')
#6 /opt/lampp/htdocs/landshop/wp-load.php(50): require_once('/opt/lampp/htdo...')
#7 /opt/lampp/htdocs/landshop/wp-admin/admin-ajax.php(22): require_once('/opt/lampp/htdo...')
#8 {main}
  thrown in /opt/lampp/htdocs/landshop/wp-content/plugins/codexse/includes/Addons.php on line 13

2022-10-24T16:08:30+00:00 CRITICAL Uncaught Error: Call to undefined function Codexse\htmega_is_elementor_version() in /opt/lampp/htdocs/landshop/wp-content/plugins/codexse/includes/Addons.php:13
Stack trace:
#0 /opt/lampp/htdocs/landshop/wp-content/plugins/codexse/codexse.php(106): Codexse\Addons->__construct()
#1 /opt/lampp/htdocs/landshop/wp-includes/class-wp-hook.php(307): Codexse->init_plugin('')
#2 /opt/lampp/htdocs/landshop/wp-includes/class-wp-hook.php(331): WP_Hook->apply_filters(NULL, Array)
#3 /opt/lampp/htdocs/landshop/wp-includes/plugin.php(476): WP_Hook->do_action(Array)
#4 /opt/lampp/htdocs/landshop/wp-settings.php(461): do_action('plugins_loaded')
#5 /opt/lampp/htdocs/landshop/wp-config.php(96): require_once('/opt/lampp/htdo...')
#6 /opt/lampp/htdocs/landshop/wp-load.php(50): require_once('/opt/lampp/htdo...')
#7 /opt/lampp/htdocs/landshop/wp-admin/admin-ajax.php(22): require_once('/opt/lampp/htdo...')
#8 {main}
  thrown in /opt/lampp/htdocs/landshop/wp-content/plugins/codexse/includes/Addons.php on line 13

2022-10-24T16:10:30+00:00 CRITICAL Uncaught Error: Call to undefined function Codexse\htmega_is_elementor_version() in /opt/lampp/htdocs/landshop/wp-content/plugins/codexse/includes/Addons.php:13
Stack trace:
#0 /opt/lampp/htdocs/landshop/wp-content/plugins/codexse/codexse.php(106): Codexse\Addons->__construct()
#1 /opt/lampp/htdocs/landshop/wp-includes/class-wp-hook.php(307): Codexse->init_plugin('')
#2 /opt/lampp/htdocs/landshop/wp-includes/class-wp-hook.php(331): WP_Hook->apply_filters(NULL, Array)
#3 /opt/lampp/htdocs/landshop/wp-includes/plugin.php(476): WP_Hook->do_action(Array)
#4 /opt/lampp/htdocs/landshop/wp-settings.php(461): do_action('plugins_loaded')
#5 /opt/lampp/htdocs/landshop/wp-config.php(96): require_once('/opt/lampp/htdo...')
#6 /opt/lampp/htdocs/landshop/wp-load.php(50): require_once('/opt/lampp/htdo...')
#7 /opt/lampp/htdocs/landshop/wp-admin/admin-ajax.php(22): require_once('/opt/lampp/htdo...')
#8 {main}
  thrown in /opt/lampp/htdocs/landshop/wp-content/plugins/codexse/includes/Addons.php on line 13

2022-10-24T16:12:30+00:00 CRITICAL Uncaught Error: Call to undefined function Codexse\htmega_is_elementor_version() in /opt/lampp/htdocs/landshop/wp-content/plugins/codexse/includes/Addons.php:13
Stack trace:
#0 /opt/lampp/htdocs/landshop/wp-content/plugins/codexse/codexse.php(106): Codexse\Addons->__construct()
#1 /opt/lampp/htdocs/landshop/wp-includes/class-wp-hook.php(307): Codexse->init_plugin('')
#2 /opt/lampp/htdocs/landshop/wp-includes/class-wp-hook.php(331): WP_Hook->apply_filters(NULL, Array)
#3 /opt/lampp/htdocs/landshop/wp-includes/plugin.php(476): WP_Hook->do_action(Array)
#4 /opt/lampp/htdocs/landshop/wp-settings.php(461): do_action('plugins_loaded')
#5 /opt/lampp/htdocs/landshop/wp-config.php(96): require_once('/opt/lampp/htdo...')
#6 /opt/lampp/htdocs/landshop/wp-load.php(50): require_once('/opt/lampp/htdo...')
#7 /opt/lampp/htdocs/landshop/wp-admin/admin-ajax.php(22): require_once('/opt/lampp/htdo...')
#8 {main}
  thrown in /opt/lampp/htdocs/landshop/wp-content/plugins/codexse/includes/Addons.php on line 13

