2022-10-22T06:37:08+00:00 CRITICAL syntax error, unexpected ';', expecting ')' in /opt/lampp/htdocs/landshop/wp-content/themes/landshop/functions.php on line 422

2022-10-22T13:47:40+00:00 CRITICAL Uncaught Error: Call to undefined function landshop_login_form() in /opt/lampp/htdocs/landshop/wp-content/themes/landshop/components/layouts/nav_menu.php:176
Stack trace:
#0 /opt/lampp/htdocs/landshop/wp-includes/template.php(772): require()
#1 /opt/lampp/htdocs/landshop/wp-includes/template.php(716): load_template('/opt/lampp/htdo...', false, Array)
#2 /opt/lampp/htdocs/landshop/wp-includes/general-template.php(204): locate_template(Array, true, false, Array)
#3 /opt/lampp/htdocs/landshop/wp-content/themes/landshop/header.php(29): get_template_part('components/layo...')
#4 /opt/lampp/htdocs/landshop/wp-includes/template.php(770): require_once('/opt/lampp/htdo...')
#5 /opt/lampp/htdocs/landshop/wp-includes/template.php(716): load_template('/opt/lampp/htdo...', true, Array)
#6 /opt/lampp/htdocs/landshop/wp-includes/general-template.php(48): locate_template(Array, true, true, Array)
#7 /opt/lampp/htdocs/landshop/wp-content/themes/landshop/index.php(1): get_header()
#8 /opt/lampp/htdocs/landshop/wp-includes/temp in /opt/lampp/htdocs/landshop/wp-content/themes/landshop/components/layouts/nav_menu.php on line 176

2022-10-22T13:51:54+00:00 CRITICAL Uncaught Error: Call to undefined function wp_register_form() in /opt/lampp/htdocs/landshop/wp-content/themes/landshop/components/layouts/nav_menu.php:178
Stack trace:
#0 /opt/lampp/htdocs/landshop/wp-includes/template.php(772): require()
#1 /opt/lampp/htdocs/landshop/wp-includes/template.php(716): load_template('/opt/lampp/htdo...', false, Array)
#2 /opt/lampp/htdocs/landshop/wp-includes/general-template.php(204): locate_template(Array, true, false, Array)
#3 /opt/lampp/htdocs/landshop/wp-content/themes/landshop/header.php(29): get_template_part('components/layo...')
#4 /opt/lampp/htdocs/landshop/wp-includes/template.php(770): require_once('/opt/lampp/htdo...')
#5 /opt/lampp/htdocs/landshop/wp-includes/template.php(716): load_template('/opt/lampp/htdo...', true, Array)
#6 /opt/lampp/htdocs/landshop/wp-includes/general-template.php(48): locate_template(Array, true, true, Array)
#7 /opt/lampp/htdocs/landshop/wp-content/themes/landshop/index.php(1): get_header()
#8 /opt/lampp/htdocs/landshop/wp-includes/templat in /opt/lampp/htdocs/landshop/wp-content/themes/landshop/components/layouts/nav_menu.php on line 178

2022-10-22T14:03:56+00:00 CRITICAL Uncaught ArgumentCountError: Too few arguments to function registration_form(), 0 passed in /opt/lampp/htdocs/landshop/wp-content/themes/landshop/login-registration.php on line 55 and exactly 1 expected in /opt/lampp/htdocs/landshop/wp-content/themes/landshop/login-registration.php:26
Stack trace:
#0 /opt/lampp/htdocs/landshop/wp-content/themes/landshop/login-registration.php(55): registration_form()
#1 /opt/lampp/htdocs/landshop/wp-includes/template-loader.php(106): include('/opt/lampp/htdo...')
#2 /opt/lampp/htdocs/landshop/wp-blog-header.php(19): require_once('/opt/lampp/htdo...')
#3 /opt/lampp/htdocs/landshop/index.php(17): require('/opt/lampp/htdo...')
#4 {main}
  thrown in /opt/lampp/htdocs/landshop/wp-content/themes/landshop/login-registration.php on line 26

2022-10-22T14:31:58+00:00 CRITICAL syntax error, unexpected ';', expecting ')' in /opt/lampp/htdocs/landshop/wp-content/themes/landshop/inc/theme-funtions.php on line 526

2022-10-22T14:33:59+00:00 CRITICAL syntax error, unexpected ',' in /opt/lampp/htdocs/landshop/wp-content/themes/landshop/inc/theme-funtions.php on line 482

2022-10-22T14:34:36+00:00 CRITICAL syntax error, unexpected ',' in /opt/lampp/htdocs/landshop/wp-content/themes/landshop/inc/theme-funtions.php on line 482

